c:\github\gomokon\gomokon\x64\debug\vc141.pdb
c:\github\gomokon\gomokon\x64\debug\vc141.idb
c:\github\gomokon\gomokon\x64\debug\gomokon.obj
c:\github\gomokon\gomokon\x64\debug\addpoint.obj
c:\github\gomokon\gomokon\x64\debug\gomokon.pdb
c:\github\gomokon\gomokon\x64\debug\gomokon.tlog\cl.command.1.tlog
c:\github\gomokon\gomokon\x64\debug\gomokon.tlog\cl.read.1.tlog
c:\github\gomokon\gomokon\x64\debug\gomokon.tlog\cl.write.1.tlog
c:\github\gomokon\gomokon\x64\debug\gomokon.tlog\link-cvtres.read.1.tlog
c:\github\gomokon\gomokon\x64\debug\gomokon.tlog\link-cvtres.write.1.tlog
c:\github\gomokon\gomokon\x64\debug\gomokon.tlog\link-rc.read.1.tlog
c:\github\gomokon\gomokon\x64\debug\gomokon.tlog\link-rc.write.1.tlog
c:\github\gomokon\gomokon\x64\debug\gomokon.tlog\link.25544-cvtres.read.1.tlog
c:\github\gomokon\gomokon\x64\debug\gomokon.tlog\link.25544-cvtres.write.1.tlog
c:\github\gomokon\gomokon\x64\debug\gomokon.tlog\link.25544-rc.read.1.tlog
c:\github\gomokon\gomokon\x64\debug\gomokon.tlog\link.25544-rc.write.1.tlog
c:\github\gomokon\gomokon\x64\debug\gomokon.tlog\link.25544.read.1.tlog
c:\github\gomokon\gomokon\x64\debug\gomokon.tlog\link.25544.write.1.tlog
c:\github\gomokon\gomokon\x64\debug\gomokon.tlog\link.command.1.tlog
c:\github\gomokon\gomokon\x64\debug\gomokon.tlog\link.read.1.tlog
c:\github\gomokon\gomokon\x64\debug\gomokon.tlog\link.write.1.tlog
