  addpoint.cpp
C:\Users\POTATOY\Desktop\g\gomokon\addpoint.cpp(558,21): warning C4390: ';': 제어된 빈 문이 있습니다. 이 문이 필요합니까?
  gomokon.cpp
C:\Users\POTATOY\Desktop\g\gomokon\gomokon.cpp(89,11): warning C4101: 'hor' :참조되지 않은 지역 변수입니다.
C:\Users\POTATOY\Desktop\g\gomokon\gomokon.cpp(89,6): warning C4101: 'ver' :참조되지 않은 지역 변수입니다.
C:\Users\POTATOY\Desktop\g\gomokon\gomokon.cpp(117,14): warning C4101: 'changecnt' :참조되지 않은 지역 변수입니다.
C:\Users\POTATOY\Desktop\g\gomokon\gomokon.cpp(117,25): warning C4101: 'inpt' :참조되지 않은 지역 변수입니다.
C:\Users\POTATOY\Desktop\g\gomokon\gomokon.cpp(321,16): warning C4244: '=': 'double'에서 'int'(으)로 변환하면서 데이터가 손실될 수 있습니다.
C:\Users\POTATOY\Desktop\g\gomokon\gomokon.cpp(328,17): warning C4244: '=': 'double'에서 'int'(으)로 변환하면서 데이터가 손실될 수 있습니다.
C:\Users\POTATOY\Desktop\g\gomokon\gomokon.cpp(350,7): warning C4101: 'inp' :참조되지 않은 지역 변수입니다.
C:\Users\POTATOY\Desktop\g\gomokon\gomokon.cpp(351,8): warning C4101: 'token' :참조되지 않은 지역 변수입니다.
C:\Users\POTATOY\Desktop\g\gomokon\gomokon.cpp(440,9): warning C4244: '=': 'double'에서 'int'(으)로 변환하면서 데이터가 손실될 수 있습니다.
C:\Users\POTATOY\Desktop\g\gomokon\gomokon.cpp(447,9): warning C4244: '=': 'double'에서 'int'(으)로 변환하면서 데이터가 손실될 수 있습니다.
C:\Users\POTATOY\Desktop\g\gomokon\gomokon.cpp(532,76): warning C4244: '=': 'double'에서 'int'(으)로 변환하면서 데이터가 손실될 수 있습니다.
C:\Users\POTATOY\Desktop\g\gomokon\gomokon.cpp(570,16): warning C4838: 'int'에서 'SHORT'(으)로의 변환에는 축소 변환이 필요합니다.
C:\Users\POTATOY\Desktop\g\gomokon\gomokon.cpp(570,18): warning C4838: 'int'에서 'SHORT'(으)로의 변환에는 축소 변환이 필요합니다.
C:\Users\POTATOY\Desktop\g\gomokon\gomokon.cpp(756,6): warning C4101: 'event' :참조되지 않은 지역 변수입니다.
C:\Users\POTATOY\Desktop\g\gomokon\gomokon.cpp(816,32): warning C4244: '=': 'double'에서 'int'(으)로 변환하면서 데이터가 손실될 수 있습니다.
C:\Users\POTATOY\Desktop\g\gomokon\gomokon.cpp(818,32): warning C4244: '=': 'double'에서 'int'(으)로 변환하면서 데이터가 손실될 수 있습니다.
  minimax_tree.cpp
C:\Users\POTATOY\Desktop\g\gomokon\minimax_tree.cpp(183,16): warning C4553: '==': 식의 결과가 사용되지 않습니다. '='을(를) 의도했습니까?
C:\Users\POTATOY\Desktop\g\gomokon\minimax_tree.cpp(369,14): warning C4553: '==': 식의 결과가 사용되지 않습니다. '='을(를) 의도했습니까?
C:\Users\POTATOY\Desktop\g\gomokon\minimax_tree.cpp(564,18): warning C4553: '==': 식의 결과가 사용되지 않습니다. '='을(를) 의도했습니까?
C:\Users\POTATOY\Desktop\g\gomokon\minimax_tree.cpp(832,19): warning C4553: '==': 식의 결과가 사용되지 않습니다. '='을(를) 의도했습니까?
  코드를 생성하고 있습니다...
  gomokon.vcxproj -> C:\Users\POTATOY\Desktop\g\gomokon\x64\Debug\gomokon.exe
